
> taiwan-political-directory@1.0.0 dev
> next dev -p 3001

   ▲ Next.js 15.1.5
   - Local:        http://localhost:3001
   - Network:      http://192.150.150.65:3001

 ✓ Starting...
 ✓ Ready in 2.8s
 ○ Compiling / ...
 ✓ Compiled / in 10s (1066 modules)
 GET / 200 in 12870ms
 GET / 200 in 1397ms
Refreshing data...
 GET / 200 in 226ms
 POST / 200 in 1207ms
 ✓ Compiled in 931ms (1067 modules)
 GET / 200 in 1823ms
 GET / 200 in 2128ms
 ✓ Compiled in 2s (1068 modules)
 GET / 200 in 1694ms
 GET / 200 in 1707ms
 GET / 200 in 1952ms
 ✓ Compiled in 452ms (767 modules)
 GET / 200 in 802ms
 GET / 200 in 1015ms
 GET / 200 in 1694ms
 ✓ Compiled in 679ms (1069 modules)
 GET / 200 in 610ms
 GET / 200 in 609ms
 GET / 200 in 1392ms
 GET / 200 in 1620ms
 ✓ Compiled in 476ms (768 modules)
 GET / 200 in 2438ms
 GET / 200 in 4152ms
 GET / 200 in 5153ms
 ✓ Compiled in 997ms (1069 modules)
 GET / 200 in 1764ms
 GET / 200 in 2911ms
 GET / 200 in 4212ms
 GET / 200 in 1294ms
 ✓ Compiled in 1074ms (1070 modules)
 GET / 200 in 2116ms
 GET / 200 in 3248ms
 GET / 200 in 4266ms
 GET / 200 in 1655ms
 ✓ Compiled in 983ms (769 modules)
 GET / 200 in 678ms
 GET / 200 in 681ms
 GET / 200 in 1887ms
 ✓ Compiled in 509ms (769 modules)
 GET / 200 in 948ms
 GET / 200 in 1182ms
 GET / 200 in 1487ms
 ✓ Compiled in 1220ms (1070 modules)
 ✓ Compiled in 404ms (301 modules)
 GET / 200 in 680ms
 GET / 200 in 804ms
 GET / 200 in 713ms
 GET / 200 in 715ms
 GET / 200 in 665ms
 GET / 200 in 1488ms
 GET / 200 in 3176ms
 ✓ Compiled in 1011ms (1070 modules)
 GET / 200 in 1028ms
 GET / 200 in 1330ms
 GET / 200 in 1982ms
 ✓ Compiled in 1273ms (1072 modules)
 GET / 200 in 1899ms
 GET / 200 in 2143ms
 GET / 200 in 3223ms
 GET / 200 in 383ms
 ✓ Compiled in 1599ms (1072 modules)
 GET / 200 in 2317ms
 GET / 200 in 3062ms
 GET / 200 in 4136ms
 ✓ Compiled in 768ms (770 modules)
 GET / 200 in 2324ms
 GET / 200 in 3484ms
 GET / 200 in 4449ms
 GET / 200 in 370ms
 ✓ Compiled in 656ms (770 modules)
 GET / 200 in 786ms
 GET / 200 in 804ms
 ✓ Compiled in 289ms (770 modules)
 GET / 200 in 1612ms
 GET / 200 in 969ms
 GET / 200 in 1144ms
 GET / 200 in 1684ms
 ✓ Compiled in 1510ms (1072 modules)
 GET / 200 in 336ms
 GET / 200 in 232ms
 GET / 200 in 1396ms
 ✓ Compiled in 610ms (770 modules)
 GET / 200 in 1569ms
 GET / 200 in 2668ms
 GET / 200 in 3628ms
 ✓ Compiled in 479ms (770 modules)
 GET / 200 in 800ms
 GET / 200 in 801ms
 GET / 200 in 1544ms
 ✓ Compiled in 1322ms (1072 modules)
 GET / 200 in 376ms
 GET / 200 in 232ms
 GET / 200 in 2058ms
 ✓ Compiled in 818ms (1072 modules)
 GET / 200 in 835ms
 GET / 200 in 973ms
 GET / 200 in 2154ms
 ✓ Compiled in 175ms (770 modules)
 GET / 200 in 1318ms
 GET / 200 in 2234ms
 GET / 200 in 3110ms
 ✓ Compiled in 803ms (1072 modules)
 GET / 200 in 1181ms
 GET / 200 in 1181ms
 GET / 200 in 1827ms
 ✓ Compiled in 414ms (1072 modules)
 GET / 200 in 1086ms
 GET / 200 in 1088ms
 GET / 200 in 1751ms
 ✓ Compiled in 364ms (1072 modules)
 GET / 200 in 471ms
 GET / 200 in 601ms
 GET / 200 in 1529ms
 GET / 200 in 1353ms
 ✓ Compiled in 1488ms (1072 modules)
 GET / 200 in 2337ms
 GET / 200 in 2165ms
 GET / 200 in 3204ms
 ✓ Compiled in 1476ms (1072 modules)
 ✓ Compiled in 962ms (1072 modules)
 GET / 200 in 2364ms
 GET / 200 in 2455ms
 GET / 200 in 3307ms
 GET / 200 in 3610ms
 ✓ Compiled in 1584ms (1072 modules)
 GET / 200 in 4600ms
 GET / 200 in 5446ms
 GET / 200 in 2502ms
 GET / 200 in 3142ms
 GET / 200 in 4119ms
 ✓ Compiled in 2.7s (1072 modules)
 GET / 200 in 1468ms
 GET / 200 in 1463ms
 GET / 200 in 1472ms
Refreshing data...
 POST / 200 in 1759ms
 GET / 200 in 2403ms
 ✓ Compiled in 2.2s (770 modules)
 GET / 200 in 640ms
 GET / 200 in 644ms
 GET / 200 in 1691ms
 ✓ Compiled in 1063ms (1072 modules)
 ✓ Compiled in 752ms (302 modules)
 GET / 200 in 1126ms
 GET / 200 in 1294ms
 GET / 200 in 787ms
 GET / 200 in 978ms
 GET / 200 in 824ms
 GET / 200 in 2119ms
 ⚠ Found a change in next.config.mjs. Restarting the server to apply the changes...
   ▲ Next.js 15.1.5
   - Local:        http://localhost:3001
   - Network:      http://192.150.150.65:3001

 ✓ Starting...
 ✓ Ready in 2.7s
